<?xml version="1.0" encoding="UTF-8"?>
<testsuite name="org.example.calculate.PositiveNumberTest" tests="2" skipped="0" failures="0" errors="0" timestamp="2024-01-23T18:06:50" hostname="DESKTOP-OOVH3TM" time="0.108">
  <properties/>
  <testcase name="[1] 0" classname="org.example.calculate.PositiveNumberTest" time="0.1"/>
  <testcase name="[2] -1" classname="org.example.calculate.PositiveNumberTest" time="0.002"/>
  <system-out><![CDATA[]]></system-out>
  <system-err><![CDATA[]]></system-err>
</testsuite>
